<?xml version="1.0" encoding="UTF-8"?>
<!-- Generated by org.testng.reporters.JUnitReportReporter -->
<testsuite hostname="Lakkappa" failures="0" tests="2" name="TestCase.Home" time="19.101" errors="0" timestamp="2024-08-05T15:20:05 IST" skipped="0">
  <testcase classname="TestCase.Home" name="addCandidateOne" time="12.404"/>
  <testcase classname="TestCase.Home" name="addCandidateTwo" time="6.697"/>
</testsuite> <!-- TestCase.Home -->
